d:\code\filehook\release\vc142.pdb
d:\code\filehook\release\dllmain.obj
d:\code\filehook\release\hook.lib
d:\code\filehook\release\hook.exp
d:\code\filehook\release\hook.ipdb
d:\code\filehook\release\hook.iobj
d:\code\filehook\release\hook.dll
d:\code\filehook\release\hook.pdb
d:\code\filehook\release\pch.obj
d:\code\filehook\release\hook_testsuite.ipdb
d:\code\filehook\release\hook_testsuite.iobj
d:\code\filehook\release\hook.pch
d:\code\filehook\release\hook_testsuite.pdb
d:\code\filehook\release\hook.tlog\cl.command.1.tlog
d:\code\filehook\release\hook.tlog\cl.read.1.tlog
d:\code\filehook\release\hook.tlog\cl.write.1.tlog
d:\code\filehook\release\hook.tlog\hook.write.1u.tlog
d:\code\filehook\release\hook.tlog\link.command.1.tlog
d:\code\filehook\release\hook.tlog\link.delete.1.tlog
d:\code\filehook\release\hook.tlog\link.read.1.tlog
d:\code\filehook\release\hook.tlog\link.write.1.tlog
